<?xml version="1.0" encoding="UTF-8"?>
<testsuite name="StringTest" tests="1" skipped="0" failures="0" errors="0" timestamp="2022-01-18T19:41:51" hostname="hades" time="0.023">
  <properties/>
  <testcase name="toBytes()" classname="StringTest" time="0.023"/>
  <system-out><![CDATA[]]></system-out>
  <system-err><![CDATA[]]></system-err>
</testsuite>
